mode: set
github.com/digitalocean/godo/godo.go:102.60,105.42 2 1
github.com/digitalocean/godo/godo.go:109.2,110.16 2 1
github.com/digitalocean/godo/godo.go:114.2,115.16 2 1
github.com/digitalocean/godo/godo.go:119.2,120.24 2 1
github.com/digitalocean/godo/godo.go:105.42,107.3 1 1
github.com/digitalocean/godo/godo.go:110.16,112.3 1 0
github.com/digitalocean/godo/godo.go:115.16,117.3 1 0
github.com/digitalocean/godo/godo.go:124.49,125.23 1 1
github.com/digitalocean/godo/godo.go:129.2,142.10 12 1
github.com/digitalocean/godo/godo.go:125.23,127.3 1 1
github.com/digitalocean/godo/godo.go:148.93,150.16 2 1
github.com/digitalocean/godo/godo.go:154.2,157.17 3 1
github.com/digitalocean/godo/godo.go:164.2,165.16 2 1
github.com/digitalocean/godo/godo.go:169.2,172.17 4 1
github.com/digitalocean/godo/godo.go:150.16,152.3 1 1
github.com/digitalocean/godo/godo.go:157.17,159.17 2 1
github.com/digitalocean/godo/godo.go:159.17,161.4 1 1
github.com/digitalocean/godo/godo.go:165.16,167.3 1 0
github.com/digitalocean/godo/godo.go:176.46,181.2 3 1
github.com/digitalocean/godo/godo.go:183.64,184.51 1 0
github.com/digitalocean/godo/godo.go:199.2,199.42 1 0
github.com/digitalocean/godo/godo.go:184.51,187.17 2 0
github.com/digitalocean/godo/godo.go:191.3,192.30 2 0
github.com/digitalocean/godo/godo.go:196.3,196.22 1 0
github.com/digitalocean/godo/godo.go:187.17,189.4 1 0
github.com/digitalocean/godo/godo.go:192.30,194.4 1 0
github.com/digitalocean/godo/godo.go:203.35,204.57 1 1
github.com/digitalocean/godo/godo.go:207.2,207.69 1 1
github.com/digitalocean/godo/godo.go:210.2,210.57 1 1
github.com/digitalocean/godo/godo.go:204.57,206.3 1 1
github.com/digitalocean/godo/godo.go:207.69,209.3 1 1
github.com/digitalocean/godo/godo.go:210.57,211.54 1 1
github.com/digitalocean/godo/godo.go:211.54,213.4 1 1
github.com/digitalocean/godo/godo.go:220.74,222.16 2 1
github.com/digitalocean/godo/godo.go:226.2,226.15 1 1
github.com/digitalocean/godo/godo.go:232.2,236.16 4 1
github.com/digitalocean/godo/godo.go:240.2,240.14 1 1
github.com/digitalocean/godo/godo.go:254.2,254.22 1 1
github.com/digitalocean/godo/godo.go:222.16,224.3 1 1
github.com/digitalocean/godo/godo.go:226.15,227.44 1 1
github.com/digitalocean/godo/godo.go:227.44,229.4 1 1
github.com/digitalocean/godo/godo.go:236.16,238.3 1 1
github.com/digitalocean/godo/godo.go:240.14,241.33 1 1
github.com/digitalocean/godo/godo.go:241.33,243.18 2 0
github.com/digitalocean/godo/godo.go:243.18,245.5 1 0
github.com/digitalocean/godo/godo.go:246.4,248.18 2 1
github.com/digitalocean/godo/godo.go:248.18,250.5 1 0
github.com/digitalocean/godo/godo.go:256.40,259.2 1 1
github.com/digitalocean/godo/godo.go:264.44,265.45 1 1
github.com/digitalocean/godo/godo.go:269.2,271.33 3 1
github.com/digitalocean/godo/godo.go:278.2,278.22 1 1
github.com/digitalocean/godo/godo.go:265.45,267.3 1 1
github.com/digitalocean/godo/godo.go:271.33,273.17 2 1
github.com/digitalocean/godo/godo.go:273.17,275.4 1 1
github.com/digitalocean/godo/godo.go:281.31,283.2 1 0
github.com/digitalocean/godo/godo.go:287.31,291.2 3 0
github.com/digitalocean/godo/godo.go:296.22,300.2 3 0
github.com/digitalocean/godo/godo.go:304.25,308.2 3 0
github.com/digitalocean/godo/godo.go:311.46,315.2 3 0
github.com/digitalocean/godo/images.go:37.32,39.2 1 1
github.com/digitalocean/godo/images.go:42.78,45.16 3 1
github.com/digitalocean/godo/images.go:49.2,50.16 2 1
github.com/digitalocean/godo/images.go:54.2,56.16 3 1
github.com/digitalocean/godo/images.go:59.2,59.31 1 1
github.com/digitalocean/godo/images.go:63.2,63.31 1 1
github.com/digitalocean/godo/images.go:45.16,47.3 1 0
github.com/digitalocean/godo/images.go:50.16,52.3 1 0
github.com/digitalocean/godo/images.go:56.16,58.3 1 0
github.com/digitalocean/godo/images.go:59.31,61.3 1 1
github.com/digitalocean/godo/image_actions.go:22.115,26.16 3 1
github.com/digitalocean/godo/image_actions.go:30.2,32.16 3 1
github.com/digitalocean/godo/image_actions.go:36.2,36.31 1 1
github.com/digitalocean/godo/image_actions.go:26.16,28.3 1 0
github.com/digitalocean/godo/image_actions.go:32.16,34.3 1 0
github.com/digitalocean/godo/image_actions.go:40.88,44.16 3 1
github.com/digitalocean/godo/image_actions.go:48.2,50.16 3 1
github.com/digitalocean/godo/image_actions.go:54.2,54.31 1 1
github.com/digitalocean/godo/image_actions.go:44.16,46.3 1 0
github.com/digitalocean/godo/image_actions.go:50.16,52.3 1 0
github.com/digitalocean/godo/strings.go:12.44,17.2 4 1
github.com/digitalocean/godo/strings.go:20.57,21.46 1 1
github.com/digitalocean/godo/strings.go:26.2,28.18 2 1
github.com/digitalocean/godo/strings.go:21.46,24.3 2 0
github.com/digitalocean/godo/strings.go:29.2,30.28 1 1
github.com/digitalocean/godo/strings.go:31.2,33.32 2 1
github.com/digitalocean/godo/strings.go:41.3,42.9 2 1
github.com/digitalocean/godo/strings.go:43.2,44.28 1 1
github.com/digitalocean/godo/strings.go:49.3,49.32 1 1
github.com/digitalocean/godo/strings.go:54.3,57.37 3 1
github.com/digitalocean/godo/strings.go:77.3,77.30 1 1
github.com/digitalocean/godo/strings.go:78.2,79.23 1 1
github.com/digitalocean/godo/strings.go:33.32,34.13 1 1
github.com/digitalocean/godo/strings.go:38.4,38.33 1 1
github.com/digitalocean/godo/strings.go:34.13,36.5 1 1
github.com/digitalocean/godo/strings.go:44.28,46.4 1 1
github.com/digitalocean/godo/strings.go:49.32,52.4 2 1
github.com/digitalocean/godo/strings.go:57.37,59.46 2 1
github.com/digitalocean/godo/strings.go:62.4,62.48 1 1
github.com/digitalocean/godo/strings.go:66.4,66.11 1 1
github.com/digitalocean/godo/strings.go:72.4,74.25 3 1
github.com/digitalocean/godo/strings.go:59.46,60.13 1 1
github.com/digitalocean/godo/strings.go:62.48,63.13 1 1
github.com/digitalocean/godo/strings.go:66.11,68.5 1 1
github.com/digitalocean/godo/strings.go:68.5,70.5 1 1
github.com/digitalocean/godo/strings.go:79.23,81.4 1 1
github.com/digitalocean/godo/timestamp.go:15.36,17.2 1 1
github.com/digitalocean/godo/timestamp.go:21.60,24.16 3 1
github.com/digitalocean/godo/timestamp.go:29.2,29.8 1 1
github.com/digitalocean/godo/timestamp.go:24.16,26.3 1 1
github.com/digitalocean/godo/timestamp.go:26.3,28.3 1 1
github.com/digitalocean/godo/timestamp.go:33.44,35.2 1 1
github.com/digitalocean/godo/droplet_actions.go:38.80,41.2 2 1
github.com/digitalocean/godo/droplet_actions.go:44.80,47.2 2 1
github.com/digitalocean/godo/droplet_actions.go:50.79,53.2 2 1
github.com/digitalocean/godo/droplet_actions.go:56.82,59.2 2 1
github.com/digitalocean/godo/droplet_actions.go:62.78,65.2 2 1
github.com/digitalocean/godo/droplet_actions.go:68.88,75.2 3 1
github.com/digitalocean/godo/droplet_actions.go:78.112,86.2 3 1
github.com/digitalocean/godo/droplet_actions.go:89.91,96.2 3 1
github.com/digitalocean/godo/droplet_actions.go:99.93,106.2 3 1
github.com/digitalocean/godo/droplet_actions.go:108.104,112.16 3 1
github.com/digitalocean/godo/droplet_actions.go:116.2,118.16 3 1
github.com/digitalocean/godo/droplet_actions.go:122.2,122.31 1 1
github.com/digitalocean/godo/droplet_actions.go:112.16,114.3 1 0
github.com/digitalocean/godo/droplet_actions.go:118.16,120.3 1 0
github.com/digitalocean/godo/droplet_actions.go:126.92,129.2 2 1
github.com/digitalocean/godo/droplet_actions.go:132.87,134.16 2 0
github.com/digitalocean/godo/droplet_actions.go:138.2,138.22 1 0
github.com/digitalocean/godo/droplet_actions.go:134.16,136.3 1 0
github.com/digitalocean/godo/droplet_actions.go:142.80,144.16 2 1
github.com/digitalocean/godo/droplet_actions.go:148.2,150.16 3 1
github.com/digitalocean/godo/droplet_actions.go:154.2,154.31 1 1
github.com/digitalocean/godo/droplet_actions.go:144.16,146.3 1 0
github.com/digitalocean/godo/droplet_actions.go:150.16,152.3 1 0
github.com/digitalocean/godo/droplet_actions.go:158.46,160.2 1 1
github.com/digitalocean/godo/sizes.go:29.31,31.2 1 1
github.com/digitalocean/godo/sizes.go:39.76,42.16 3 1
github.com/digitalocean/godo/sizes.go:46.2,47.16 2 1
github.com/digitalocean/godo/sizes.go:51.2,53.16 3 1
github.com/digitalocean/godo/sizes.go:56.2,56.31 1 1
github.com/digitalocean/godo/sizes.go:60.2,60.30 1 1
github.com/digitalocean/godo/sizes.go:42.16,44.3 1 0
github.com/digitalocean/godo/sizes.go:47.16,49.3 1 0
github.com/digitalocean/godo/sizes.go:53.16,55.3 1 0
github.com/digitalocean/godo/sizes.go:56.31,58.3 1 1
github.com/digitalocean/godo/domains.go:86.33,88.2 1 0
github.com/digitalocean/godo/domains.go:91.79,94.16 3 1
github.com/digitalocean/godo/domains.go:98.2,99.16 2 1
github.com/digitalocean/godo/domains.go:103.2,105.16 3 1
github.com/digitalocean/godo/domains.go:108.2,108.31 1 1
github.com/digitalocean/godo/domains.go:112.2,112.32 1 1
github.com/digitalocean/godo/domains.go:94.16,96.3 1 0
github.com/digitalocean/godo/domains.go:99.16,101.3 1 0
github.com/digitalocean/godo/domains.go:105.16,107.3 1 0
github.com/digitalocean/godo/domains.go:108.31,110.3 1 1
github.com/digitalocean/godo/domains.go:116.77,120.16 3 1
github.com/digitalocean/godo/domains.go:124.2,126.16 3 1
github.com/digitalocean/godo/domains.go:130.2,130.24 1 1
github.com/digitalocean/godo/domains.go:120.16,122.3 1 0
github.com/digitalocean/godo/domains.go:126.16,128.3 1 0
github.com/digitalocean/godo/domains.go:134.103,138.16 3 1
github.com/digitalocean/godo/domains.go:142.2,144.16 3 1
github.com/digitalocean/godo/domains.go:148.2,148.24 1 1
github.com/digitalocean/godo/domains.go:138.16,140.3 1 0
github.com/digitalocean/godo/domains.go:144.16,146.3 1 0
github.com/digitalocean/godo/domains.go:152.67,156.16 3 1
github.com/digitalocean/godo/domains.go:160.2,162.18 2 1
github.com/digitalocean/godo/domains.go:156.16,158.3 1 0
github.com/digitalocean/godo/domains.go:166.39,168.2 1 1
github.com/digitalocean/godo/domains.go:171.50,173.2 1 1
github.com/digitalocean/godo/domains.go:176.104,179.16 3 1
github.com/digitalocean/godo/domains.go:183.2,184.16 2 1
github.com/digitalocean/godo/domains.go:188.2,190.16 3 1
github.com/digitalocean/godo/domains.go:193.2,193.31 1 1
github.com/digitalocean/godo/domains.go:197.2,197.38 1 1
github.com/digitalocean/godo/domains.go:179.16,181.3 1 0
github.com/digitalocean/godo/domains.go:184.16,186.3 1 0
github.com/digitalocean/godo/domains.go:190.16,192.3 1 0
github.com/digitalocean/godo/domains.go:193.31,195.3 1 0
github.com/digitalocean/godo/domains.go:201.92,205.16 3 1
github.com/digitalocean/godo/domains.go:209.2,211.16 3 1
github.com/digitalocean/godo/domains.go:215.2,215.39 1 1
github.com/digitalocean/godo/domains.go:205.16,207.3 1 0
github.com/digitalocean/godo/domains.go:211.16,213.3 1 0
github.com/digitalocean/godo/domains.go:219.83,223.16 3 1
github.com/digitalocean/godo/domains.go:227.2,229.18 2 1
github.com/digitalocean/godo/domains.go:223.16,225.3 1 0
github.com/digitalocean/godo/domains.go:236.74,240.16 3 1
github.com/digitalocean/godo/domains.go:244.2,246.16 3 1
github.com/digitalocean/godo/domains.go:250.2,250.21 1 1
github.com/digitalocean/godo/domains.go:240.16,242.3 1 0
github.com/digitalocean/godo/domains.go:246.16,248.3 1 0
github.com/digitalocean/godo/domains.go:256.76,260.16 3 1
github.com/digitalocean/godo/domains.go:264.2,266.16 3 1
github.com/digitalocean/godo/domains.go:270.2,270.34 1 1
github.com/digitalocean/godo/domains.go:260.16,262.3 1 0
github.com/digitalocean/godo/domains.go:266.16,268.3 1 0
github.com/digitalocean/godo/links.go:30.44,32.2 1 1
github.com/digitalocean/godo/links.go:34.40,35.9 1 1
github.com/digitalocean/godo/links.go:49.2,49.15 1 0
github.com/digitalocean/godo/links.go:36.2,37.16 1 1
github.com/digitalocean/godo/links.go:38.2,39.16 1 1
github.com/digitalocean/godo/links.go:40.2,42.17 2 1
github.com/digitalocean/godo/links.go:46.3,46.27 1 1
github.com/digitalocean/godo/links.go:42.17,44.4 1 0
github.com/digitalocean/godo/links.go:53.35,54.20 1 1
github.com/digitalocean/godo/links.go:57.2,57.25 1 1
github.com/digitalocean/godo/links.go:54.20,56.3 1 0
github.com/digitalocean/godo/links.go:60.31,61.18 1 1
github.com/digitalocean/godo/links.go:65.2,65.14 1 1
github.com/digitalocean/godo/links.go:61.18,63.3 1 1
github.com/digitalocean/godo/links.go:68.46,70.16 2 1
github.com/digitalocean/godo/links.go:74.2,76.16 3 1
github.com/digitalocean/godo/links.go:80.2,80.18 1 1
github.com/digitalocean/godo/links.go:70.16,72.3 1 1
github.com/digitalocean/godo/links.go:76.16,78.3 1 1
github.com/digitalocean/godo/links.go:83.71,85.2 1 0
github.com/digitalocean/godo/keys.go:44.30,46.2 1 1
github.com/digitalocean/godo/keys.go:55.74,58.16 3 1
github.com/digitalocean/godo/keys.go:62.2,63.16 2 1
github.com/digitalocean/godo/keys.go:67.2,69.16 3 1
github.com/digitalocean/godo/keys.go:72.2,72.31 1 1
github.com/digitalocean/godo/keys.go:76.2,76.32 1 1
github.com/digitalocean/godo/keys.go:58.16,60.3 1 0
github.com/digitalocean/godo/keys.go:63.16,65.3 1 0
github.com/digitalocean/godo/keys.go:69.16,71.3 1 0
github.com/digitalocean/godo/keys.go:72.31,74.3 1 1
github.com/digitalocean/godo/keys.go:80.67,82.16 2 1
github.com/digitalocean/godo/keys.go:86.2,88.16 3 1
github.com/digitalocean/godo/keys.go:92.2,92.32 1 1
github.com/digitalocean/godo/keys.go:82.16,84.3 1 0
github.com/digitalocean/godo/keys.go:88.16,90.3 1 0
github.com/digitalocean/godo/keys.go:96.69,99.2 2 1
github.com/digitalocean/godo/keys.go:102.87,105.2 2 1
github.com/digitalocean/godo/keys.go:108.90,110.16 2 1
github.com/digitalocean/godo/keys.go:114.2,116.16 3 1
github.com/digitalocean/godo/keys.go:120.2,120.32 1 1
github.com/digitalocean/godo/keys.go:110.16,112.3 1 0
github.com/digitalocean/godo/keys.go:116.16,118.3 1 0
github.com/digitalocean/godo/keys.go:124.64,126.16 2 1
github.com/digitalocean/godo/keys.go:130.2,132.18 2 1
github.com/digitalocean/godo/keys.go:126.16,128.3 1 0
github.com/digitalocean/godo/keys.go:136.66,139.2 2 1
github.com/digitalocean/godo/keys.go:142.84,145.2 2 1
github.com/digitalocean/godo/regions.go:36.33,38.2 1 1
github.com/digitalocean/godo/regions.go:41.80,44.16 3 1
github.com/digitalocean/godo/regions.go:48.2,49.16 2 1
github.com/digitalocean/godo/regions.go:53.2,55.16 3 1
github.com/digitalocean/godo/regions.go:58.2,58.31 1 1
github.com/digitalocean/godo/regions.go:62.2,62.32 1 1
github.com/digitalocean/godo/regions.go:44.16,46.3 1 0
github.com/digitalocean/godo/regions.go:49.16,51.3 1 0
github.com/digitalocean/godo/regions.go:55.16,57.3 1 0
github.com/digitalocean/godo/regions.go:58.31,60.3 1 1
github.com/digitalocean/godo/action.go:53.80,56.16 3 1
github.com/digitalocean/godo/action.go:60.2,61.16 2 1
github.com/digitalocean/godo/action.go:65.2,67.16 3 1
github.com/digitalocean/godo/action.go:70.2,70.31 1 1
github.com/digitalocean/godo/action.go:74.2,74.32 1 1
github.com/digitalocean/godo/action.go:56.16,58.3 1 0
github.com/digitalocean/godo/action.go:61.16,63.3 1 0
github.com/digitalocean/godo/action.go:67.16,69.3 1 0
github.com/digitalocean/godo/action.go:70.31,72.3 1 1
github.com/digitalocean/godo/action.go:78.68,81.16 3 1
github.com/digitalocean/godo/action.go:85.2,87.16 3 1
github.com/digitalocean/godo/action.go:91.2,91.31 1 1
github.com/digitalocean/godo/action.go:81.16,83.3 1 0
github.com/digitalocean/godo/action.go:87.16,89.3 1 0
github.com/digitalocean/godo/action.go:94.33,96.2 1 1
github.com/digitalocean/godo/droplets.go:61.34,63.2 1 1
github.com/digitalocean/godo/droplets.go:97.59,98.18 1 1
github.com/digitalocean/godo/droplets.go:98.18,100.3 1 0
github.com/digitalocean/godo/droplets.go:100.3,102.3 1 1
github.com/digitalocean/godo/droplets.go:111.60,112.25 1 0
github.com/digitalocean/godo/droplets.go:112.25,114.3 1 0
github.com/digitalocean/godo/droplets.go:114.3,116.3 1 0
github.com/digitalocean/godo/droplets.go:132.47,134.2 1 0
github.com/digitalocean/godo/droplets.go:150.36,152.2 1 1
github.com/digitalocean/godo/droplets.go:162.36,164.2 1 1
github.com/digitalocean/godo/droplets.go:167.82,170.16 3 1
github.com/digitalocean/godo/droplets.go:174.2,175.16 2 1
github.com/digitalocean/godo/droplets.go:179.2,181.16 3 1
github.com/digitalocean/godo/droplets.go:184.2,184.31 1 1
github.com/digitalocean/godo/droplets.go:188.2,188.33 1 1
github.com/digitalocean/godo/droplets.go:170.16,172.3 1 0
github.com/digitalocean/godo/droplets.go:175.16,177.3 1 0
github.com/digitalocean/godo/droplets.go:181.16,183.3 1 0
github.com/digitalocean/godo/droplets.go:184.31,186.3 1 1
github.com/digitalocean/godo/droplets.go:192.81,196.16 3 1
github.com/digitalocean/godo/droplets.go:200.2,202.16 3 1
github.com/digitalocean/godo/droplets.go:206.2,206.24 1 1
github.com/digitalocean/godo/droplets.go:196.16,198.3 1 0
github.com/digitalocean/godo/droplets.go:202.16,204.3 1 0
github.com/digitalocean/godo/droplets.go:210.106,214.16 3 1
github.com/digitalocean/godo/droplets.go:218.2,220.16 3 1
github.com/digitalocean/godo/droplets.go:223.2,223.31 1 1
github.com/digitalocean/godo/droplets.go:227.2,227.24 1 1
github.com/digitalocean/godo/droplets.go:214.16,216.3 1 0
github.com/digitalocean/godo/droplets.go:220.16,222.3 1 0
github.com/digitalocean/godo/droplets.go:223.31,225.3 1 1
github.com/digitalocean/godo/droplets.go:231.70,235.16 3 1
github.com/digitalocean/godo/droplets.go:239.2,241.18 2 1
github.com/digitalocean/godo/droplets.go:235.16,237.3 1 0
github.com/digitalocean/godo/droplets.go:245.99,248.16 3 1
github.com/digitalocean/godo/droplets.go:252.2,253.16 2 1
github.com/digitalocean/godo/droplets.go:257.2,259.31 3 1
github.com/digitalocean/godo/droplets.go:263.2,263.32 1 1
github.com/digitalocean/godo/droplets.go:248.16,250.3 1 0
github.com/digitalocean/godo/droplets.go:253.16,255.3 1 0
github.com/digitalocean/godo/droplets.go:259.31,261.3 1 0
github.com/digitalocean/godo/droplets.go:267.99,270.16 3 1
github.com/digitalocean/godo/droplets.go:274.2,275.16 2 1
github.com/digitalocean/godo/droplets.go:279.2,281.16 3 1
github.com/digitalocean/godo/droplets.go:284.2,284.31 1 1
github.com/digitalocean/godo/droplets.go:288.2,288.32 1 1
github.com/digitalocean/godo/droplets.go:270.16,272.3 1 0
github.com/digitalocean/godo/droplets.go:275.16,277.3 1 0
github.com/digitalocean/godo/droplets.go:281.16,283.3 1 0
github.com/digitalocean/godo/droplets.go:284.31,286.3 1 0
github.com/digitalocean/godo/droplets.go:292.98,295.16 3 1
github.com/digitalocean/godo/droplets.go:299.2,300.16 2 1
github.com/digitalocean/godo/droplets.go:304.2,306.16 3 1
github.com/digitalocean/godo/droplets.go:309.2,309.31 1 1
github.com/digitalocean/godo/droplets.go:313.2,313.32 1 1
github.com/digitalocean/godo/droplets.go:295.16,297.3 1 0
github.com/digitalocean/godo/droplets.go:300.16,302.3 1 0
github.com/digitalocean/godo/droplets.go:306.16,308.3 1 0
github.com/digitalocean/godo/droplets.go:309.31,311.3 1 0
github.com/digitalocean/godo/droplets.go:317.100,320.16 3 1
github.com/digitalocean/godo/droplets.go:324.2,325.16 2 1
github.com/digitalocean/godo/droplets.go:329.2,331.16 3 1
github.com/digitalocean/godo/droplets.go:334.2,334.31 1 1
github.com/digitalocean/godo/droplets.go:338.2,338.34 1 1
github.com/digitalocean/godo/droplets.go:320.16,322.3 1 0
github.com/digitalocean/godo/droplets.go:325.16,327.3 1 0
github.com/digitalocean/godo/droplets.go:331.16,333.3 1 0
github.com/digitalocean/godo/droplets.go:334.31,336.3 1 0
github.com/digitalocean/godo/droplets.go:342.84,346.16 3 1
github.com/digitalocean/godo/droplets.go:350.2,352.16 3 1
github.com/digitalocean/godo/droplets.go:356.2,356.33 1 1
github.com/digitalocean/godo/droplets.go:346.16,348.3 1 0
github.com/digitalocean/godo/droplets.go:352.16,354.3 1 0
github.com/digitalocean/godo/droplets.go:359.77,362.16 2 0
github.com/digitalocean/godo/droplets.go:366.2,366.27 1 0
github.com/digitalocean/godo/droplets.go:362.16,364.3 1 0
